<?xml version="1.0" encoding="UTF-8"?>
<testsuite name="Test313" tests="4" skipped="0" failures="0" errors="0" timestamp="2016-01-13T19:09:53" hostname="L-VM" time="0.005">
  <properties/>
  <testcase name="lessMinima" classname="Test313" time="0.003"/>
  <testcase name="lessMassima" classname="Test313" time="0.001"/>
  <testcase name="piuGrande" classname="Test313" time="0.0"/>
  <testcase name="piuPiccola" classname="Test313" time="0.001"/>
  <system-out><![CDATA[]]></system-out>
  <system-err><![CDATA[]]></system-err>
</testsuite>
